<?xml version="1.0" encoding="UTF-8"?>
<!-- Generated by org.testng.reporters.JUnitReportReporter -->
<testsuite hostname="DESKTOP-UE9RKPH" failures="0" tests="2" name="com.hrmorange.basics.Example1" time="0.032" errors="0" timestamp="2023-11-17T11:44:15 IST" skipped="0">
  <testcase classname="com.hrmorange.basics.Example1" name="verifyTitle" time="0.022"/>
  <system-out/>
  <testcase classname="com.hrmorange.basics.Example1" name="verifyUrl" time="0.010"/>
  <system-out/>
</testsuite> <!-- com.hrmorange.basics.Example1 -->
