<?xml version="1.0" encoding="UTF-8"?>
<!-- Generated by org.testng.reporters.JUnitReportReporter -->
<testsuite hostname="DESKTOP-O1RBTJN" failures="0" tests="3" name="com.hrmorange.basics.Example1" time="0.286" errors="0" timestamp="2023-11-22T11:34:11 IST" skipped="0">
  <testcase classname="com.hrmorange.basics.Example1" name="verifyTitle" time="0.029"/>
  <system-out/>
  <testcase classname="com.hrmorange.basics.Example1" name="verifyUrl" time="0.019"/>
  <system-out/>
  <testcase classname="com.hrmorange.basics.Example1" name="verifyLoginTitle" time="0.238"/>
  <system-out/>
</testsuite> <!-- com.hrmorange.basics.Example1 -->
