<?xml version="1.0" encoding="UTF-8"?>
<!-- Generated by org.testng.reporters.JUnitReportReporter -->
<testsuite hostname="DESKTOP-O1RBTJN" failures="0" tests="4" name="com.hrmorange.basics.Example1" time="0.550" errors="0" timestamp="2023-11-22T12:17:13 IST" skipped="0">
  <testcase classname="com.hrmorange.basics.Example1" name="verifyTitle" time="0.011"/>
  <testcase classname="com.hrmorange.basics.Example1" name="verifyUrl" time="0.013"/>
  <testcase classname="com.hrmorange.basics.Example1" name="verifyLoginTitle" time="0.504"/>
  <testcase classname="com.hrmorange.basics.Example1" name="verifyUserName" time="0.022"/>
</testsuite> <!-- com.hrmorange.basics.Example1 -->
